Arguments: 
  C:\Program Files\nodejs\node.exe C:\Users\endosupply\AppData\Roaming\npm\node_modules\yarn\bin\yarn.js

PATH: 
  C:\Python311\Scripts\;C:\Python311\;C:\WINDOWS\system32;C:\WINDOWS;C:\WINDOWS\System32\Wbem;C:\WINDOWS\System32\WindowsPowerShell\v1.0\;C:\WINDOWS\System32\OpenSSH\;C:\Program Files\nodejs\;C:\ProgramData\chocolatey\bin;C:\Program Files\Docker\Docker\resources\bin;C:\Program Files\Git\cmd;C:\Users\endosupply\AppData\Local\Microsoft\WindowsApps;;C:\Users\endosupply\AppData\Local\Programs\Microsoft VS Code\bin;C:\Users\endosupply\AppData\Roaming\npm

Yarn version: 
  1.22.19

Node version: 
  24.14.1

Platform: 
  win32 x64

Trace: 
  Error: EPERM: operation not permitted, unlink 'C:\Users\endosupply\Documents\endobase-monorepo\node_modules\bcrypt\lib\binding\napi-v3\bcrypt_lib.node'

npm manifest: 
  {
    "private": true,
    "workspaces": {
      "packages": [
        "packages/*"
      ],
      "nohoist": [
        "**/typeorm/**",
        "**/typeorm",
        "**/@nestjs",
        "**/@nestjs/**",
        "**/modbus-serial",
        "**/modbus-serial/**",
        "**/typeorm-seeding/**",
        "**/typeorm-seeding"
      ]
    },
    "name": "app",
    "scripts": {
      "new-version": "lerna version",
      "docker:build": "docker build -t kittishane/cookknow:$VERSION .",
      "docker:login": "docker login -u $DOCKERHUB_USERNAME -p $DOCKERHUB_PASSWORD",
      "docker:push": "docker push kittishane/cookknow:$VERSION",
      "ci:docker": "yarn docker:build && yarn docker:login && yarn docker:push",
      "ci:dokku": "ssh shane@128.199.205.119 && docker pull kittishane/cookknow:$VERSION && docker tag kittishane/cookknow:$VERSION dokku/server:latest && echo $DOKKU_PASSWORD | sudo -S dokku tags:deploy server latest"
    },
    "devDependencies": {
      "lerna": "^5.5.4"
    }
  }

yarn manifest: 
  No manifest

Lockfile: 
  No lockfile
